<?xml version="1.0" encoding="UTF-8"?>
<testsuite name="GameTest" tests="1" skipped="0" failures="0" errors="0" timestamp="2022-04-30T23:48:52" hostname="Aparnas-MacBook-Pro.local" time="0.097">
  <properties/>
  <testcase name="gameTests()" classname="GameTest" time="0.097"/>
  <system-out><![CDATA[Testing Game
Game Board:
**************************************************************************
Col :       0        1        2        3        4        5        6        7        
Row : 0   -------  -Blu B-  -Red B-  -------  -------  -------  -------  -------  
Row : 1   -------  -------  -------  -------  -------  -------  -------  -------  
Row : 2   -------  -------  -------  -------  -------  -------  -Blu M-  -------  
Row : 3   -Red H-  -------  -------  -------  -------  -------  -------  -------  
Row : 4   -------  -Blu E-  -------  -------  -------  -------  -------  -------  
Row : 5   -Blu H-  -------  -------  -------  -Red E-  -------  -------  -------  
Row : 6   -------  -------  -Red M-  -------  -------  -------  -------  -------  
Row : 7   -------  -------  -------  -------  -------  -------  -------  -------  
**************************************************************************
Team Blu Pieces : 
Blu Blu M   Blu Blu B   Blu Blu H   Blu Blu E   
**************************************************************************
Team Red Pieces : 
Red Red M   Red Red B   Red Red H   Red Red E   
**************************************************************************
It is Team Blu's turn

]]></system-out>
  <system-err><![CDATA[]]></system-err>
</testsuite>
